    |\^/|     Maple 2022 (X86 64 LINUX)
._|\|   |/|_. Copyright (c) Maplesoft, a division of Waterloo Maple Inc. 2022
 \  MAPLE  /  All rights reserved. Maple is a trademark of
 <____ ____>  Waterloo Maple Inc.
      |       Type ? for help.
> read "../custom_f4.mpl":
> kernelopts(printbytes=false, assertlevel=1):
> interface(echo=0, prettyprint=0):


iteration no. 1	 max. iterations: -1
time for selection: .274
time for computing M: .383, size:Array(1..2, [114,78])
time for computing N (rref): .554
time for computing leading monomials: .5e-2
time for computing N+: .252


iteration no. 2	 max. iterations: -1
time for selection: .338


Weights:    {b = b^2, c = c^2, gama = gama^2, sgm = sgm^2, w_aux = w_aux^2, x2_0 = x2_0^2, x2_1 = x2_1^2, x2_2 = x2_2^2, x2_3 = x2_3^2, x2_4 = x2_4^2, x2_5 = x2_5^2, x2_6 = x2_6^2, x2_7 = x2_7^2, x3_0 = x3_0^2, x3_1 = x3_1^2, x3_2 = x3_2^2, x3_3 = x3_3^2, x3_4 = x3_4^2, x3_5 = x3_5^2, x3_6 = x3_6^2, x3_7 = x3_7^2, x4_0 = x4_0^2, x4_1 = x4_1^2, x4_2 = x4_2^2, x4_3 = x4_3^2, x4_4 = x4_4^2, x4_5 = x4_5^2, x4_6 = x4_6^2, x4_7 = x4_7^2, x4_8 = x4_8^2, z_aux = z_aux^2}

-> MGb
 domain: mod_int_cof
F4 algorithm
prime=11863279
 deg  pairs  taken         matrix                                        found
   5     74     37       228 x 279          2.7 per row,     0.0 MB     37 new,      0 zero     0.007 sec
   5    253     21       114 x 113          3.3 per row,     0.0 MB      0 new,     21 zero     0.001 sec
   6    232    218       629 x 734          4.5 per row,     0.0 MB     99 new,    119 zero     0.011 sec
   6    933    261       824 x 818          8.0 per row,     0.1 MB     15 new,    246 zero     0.004 sec
   7    832    580      1784 x 2076         6.8 per row,     0.1 MB    146 new,    434 zero     0.025 sec
   7   2026    190      1094 x 1399         9.8 per row,     0.1 MB      0 new,    190 zero     0.003 sec
   8   1836   1267      4473 x 5339        12.7 per row,     0.4 MB     78 new,   1189 zero     0.028 sec
   6   2087     10        30 x 38           5.8 per row,     0.0 MB      1 new,      9 zero     0.001 sec
   6   2080      1         2 x 9            5.5 per row,     0.0 MB      1 new,      0 zero     0.000 sec
   7   2095     21       125 x 232          4.0 per row,     0.0 MB      7 new,     14 zero     0.003 sec
   8   2181    150       953 x 1483         7.6 per row,     0.1 MB     73 new,     77 zero     0.022 sec
   8   5324      6        60 x 288         11.2 per row,     0.0 MB      6 new,      0 zero     0.004 sec
   9   5460    989      8030 x 12085       10.9 per row,     0.7 MB    154 new,    835 zero     0.130 sec
   8   7472     37       219 x 938         66.5 per row,     0.1 MB     37 new,      0 zero     0.019 sec
   9   8274    883      7762 x 13118       35.4 per row,     2.1 MB    563 new,    320 zero     0.585 sec
   8  19342     36       398 x 2062        52.7 per row,     0.2 MB     36 new,      0 zero     0.048 sec
   9  20215   1276     16881 x 28669       71.9 per row,     9.3 MB    832 new,    444 zero     1.453 sec
   8  40099     16       375 x 2346       144.4 per row,     0.4 MB     16 new,      0 zero     0.062 sec
   9  40482    767     18414 x 31259      118.0 per row,    16.7 MB    519 new,    248 zero     1.416 sec
   9  53043    304      9066 x 17118      271.3 per row,    18.8 MB    221 new,     83 zero     0.662 sec
   9  58063     90      6773 x 12886      286.3 per row,    14.8 MB     73 new,     17 zero     0.257 sec
   9  59840     10      5186 x 8621       220.2 per row,     8.7 MB     10 new,      0 zero     0.074 sec
  10  60090  26055    144943 x 168757     282.5 per row,   312.9 MB   7944 new,  18111 zero    85.995 sec
   8 135114    210      1426 x 2824       431.8 per row,     4.7 MB    127 new,     83 zero     1.663 sec
   8 131434     14      1007 x 2451       417.1 per row,     3.2 MB     14 new,      0 zero     0.291 sec
   9 131594   5465     35295 x 45817      359.5 per row,    96.9 MB   2955 new,   2510 zero    21.532 sec
   7 119366    249      1312 x 1545       208.3 per row,     2.1 MB    201 new,     48 zero     1.175 sec
   5  91336     28       114 x 93           3.2 per row,     0.0 MB      2 new,     26 zero     0.223 sec
   5  89467      1         4 x 9            4.0 per row,     0.0 MB      1 new,      0 zero     0.191 sec
   6  87936    653      1602 x 1030        39.8 per row,     0.5 MB     21 new,    632 zero     0.244 sec
   5  79465      1         4 x 6            2.8 per row,     0.0 MB      1 new,      0 zero     0.185 sec
   6  78435    140       353 x 331          4.3 per row,     0.0 MB     68 new,     72 zero     0.324 sec
   4  30481    103       234 x 147          2.2 per row,     0.0 MB      3 new,    100 zero     0.177 sec
   4  22017      1         7 x 9            2.7 per row,     0.0 MB      1 new,      0 zero     0.168 sec
   5  19984     66       237 x 197          3.5 per row,     0.0 MB     12 new,     54 zero     0.172 sec
   4  14856      1         2 x 8            5.0 per row,     0.0 MB      1 new,      0 zero     0.164 sec
   5  14854     34       149 x 194          4.2 per row,     0.0 MB     16 new,     18 zero     0.170 sec
   3  14940     17        43 x 66           3.0 per row,     0.0 MB      7 new,     10 zero     0.167 sec
   5  14624    135       424 x 391          5.7 per row,     0.0 MB      0 new,    135 zero     0.165 sec
   6  14489    631      1501 x 978          4.4 per row,     0.1 MB     25 new,    606 zero     0.175 sec
   4  13786     17        43 x 61           3.5 per row,     0.0 MB      7 new,     10 zero     0.168 sec
   3  13584      6        21 x 19           4.6 per row,     0.0 MB      0 new,      6 zero     0.163 sec
   4  13578     39       134 x 111          4.4 per row,     0.0 MB      0 new,     39 zero     0.164 sec
   5  13539     10        63 x 65           4.8 per row,     0.0 MB      0 new,     10 zero     0.164 sec
   6  13529    168       594 x 548          6.3 per row,     0.0 MB     18 new,    150 zero     0.172 sec
   3  13477      2         8 x 8            3.5 per row,     0.0 MB      0 new,      2 zero     0.163 sec
   4  13475     23        63 x 68           3.2 per row,     0.0 MB      0 new,     23 zero     0.164 sec
   6  13452    152       440 x 364          5.9 per row,     0.0 MB      0 new,    152 zero     0.165 sec
   7  13300    376      2771 x 2480        25.4 per row,     0.5 MB     32 new,    344 zero     0.179 sec
   6  12111    162       283 x 139          3.6 per row,     0.0 MB     12 new,    150 zero     0.169 sec
   4  11903     57       139 x 89           4.6 per row,     0.0 MB      3 new,     54 zero     0.167 sec
   4  11833      3         6 x 4            2.0 per row,     0.0 MB      0 new,      3 zero     0.162 sec
   8  11830   4390     21970 x 17594      251.3 per row,    42.2 MB      0 new,   4390 zero     0.246 sec
   9   7440   2271     30581 x 28322      133.0 per row,    31.1 MB      0 new,   2271 zero     0.255 sec
  10   5169   5169    113557 x 108404     178.3 per row,   154.9 MB      0 new,   5169 zero     0.901 sec
reduce:                   41 x 46           2.6 per row,     0.0 MB
select:      8.117 sec   7%
symbol:      1.392 sec   1%
matrix:     22.843 sec  19%   14395 good, 73.3% zero
update:     89.046 sec  73%   53819 pair, 99.9% elim
gbasis:    121.666 sec   7%      41 polynomials
basis:    1550.322
 41 polynomials, 92 terms
 total time:       121.669 sec
------------------------------
memory used=245.2MB, alloc=78.3MB, time=1552.24
