    |\^/|     Maple 2022 (X86 64 LINUX)
._|\|   |/|_. Copyright (c) Maplesoft, a division of Waterloo Maple Inc. 2022
 \  MAPLE  /  All rights reserved. Maple is a trademark of
 <____ ____>  Waterloo Maple Inc.
      |       Type ? for help.
> read "../custom_f4.mpl":
> kernelopts(printbytes=false, assertlevel=1):
> interface(echo=0, prettyprint=0):


iteration no. 1	 max. iterations: -1
time for selection: .194
time for computing M: 6.899, size:Array(1..2, [194,295])
time for computing N (rref): 5.999
time for computing leading monomials: .10e-1
time for computing N+: 1.747


iteration no. 2	 max. iterations: -1
time for selection: .218
time for computing M: 13.798, size:Array(1..2, [330,405])
time for computing N (rref): 22.963
time for computing leading monomials: .17e-1
time for computing N+: 3.915


iteration no. 3	 max. iterations: -1
time for selection: .228


Weights:    {b = b^2, c_0 = c_0^2, c_1 = c_1^2, c_2 = c_2^2, c_3 = c_3^2, c_4 = c_4^2, c_5 = c_5^2, c_6 = c_6^2, c_7 = c_7^2, e_0 = e_0^2, e_1 = e_1^2, e_2 = e_2^2, e_3 = e_3^2, e_4 = e_4^2, e_5 = e_5^2, e_6 = e_6^2, i_0 = i_0^2, i_4 = i_4^2, i_5 = i_5^2, i_6 = i_6^2, n = n^2, r_0 = r_0^2, r_7 = r_7^2, w_aux = w_aux^2, z_aux = z_aux^2}

-> MGb
 domain: mod_int_cof
F4 algorithm
prime=11863279
 deg  pairs  taken         matrix                                        found
   3     73      9        30 x 46           2.6 per row,     0.0 MB      9 new,      0 zero     0.005 sec
   3     67      8        22 x 31           2.4 per row,     0.0 MB      3 new,      5 zero     0.000 sec
   3     68      7        27 x 51           2.9 per row,     0.0 MB      7 new,      0 zero     0.001 sec
   3     86     25        91 x 140          3.6 per row,     0.0 MB      0 new,     25 zero     0.021 sec
   4     61     14        61 x 87           2.9 per row,     0.0 MB      5 new,      9 zero     0.001 sec
   4     77     25        82 x 101          3.0 per row,     0.0 MB      0 new,     25 zero     0.000 sec
   5     52     39       236 x 419          3.5 per row,     0.0 MB     33 new,      6 zero     0.003 sec
   4    288     67       395 x 656          4.1 per row,     0.0 MB     32 new,     35 zero     0.003 sec
   5    589    365      2248 x 3166         4.9 per row,     0.1 MB     58 new,    307 zero     0.016 sec
   5   1027    340      2415 x 3622         6.3 per row,     0.1 MB     41 new,    299 zero     0.013 sec
   5   1106     89       428 x 575         10.3 per row,     0.0 MB     17 new,     72 zero     0.003 sec
   6   1339    971      5107 x 6759         8.7 per row,     0.4 MB    144 new,    827 zero     0.049 sec
   3   1692    175       621 x 712          8.5 per row,     0.0 MB     33 new,    142 zero     0.005 sec
   4   1785    457      2456 x 2742        11.3 per row,     0.2 MB     36 new,    421 zero     0.010 sec
   4   1487     67       774 x 1143        12.6 per row,     0.1 MB      1 new,     66 zero     0.002 sec
   5   1434    427      4381 x 5527        14.2 per row,     0.5 MB     75 new,    352 zero     0.019 sec
   5   1560    120       590 x 773         20.4 per row,     0.1 MB     57 new,     63 zero     0.008 sec
   5   2149     45       752 x 1154        26.7 per row,     0.2 MB     45 new,      0 zero     0.009 sec
   6   2771   1945     12367 x 13306       37.0 per row,     3.5 MB    431 new,   1516 zero     0.172 sec
   5   4507    734      2069 x 1654        80.0 per row,     1.3 MB    298 new,    436 zero     0.077 sec
   4   1518    477       775 x 302         11.6 per row,     0.1 MB      0 new,    477 zero     0.002 sec
   5   1041    554      1455 x 925         22.4 per row,     0.3 MB     18 new,    536 zero     0.004 sec
   2    358     41       144 x 104          3.9 per row,     0.0 MB      0 new,     41 zero     0.001 sec
   3    317     76       349 x 278          4.8 per row,     0.0 MB      3 new,     73 zero     0.001 sec
   4    223     23       555 x 535          4.4 per row,     0.0 MB      0 new,     23 zero     0.001 sec
   5    200     17       589 x 575          4.4 per row,     0.0 MB      0 new,     17 zero     0.001 sec
   6    183    183      2242 x 2062        33.4 per row,     0.6 MB      0 new,    183 zero     0.004 sec
reduce:                   43 x 46           2.9 per row,     0.0 MB
select:      0.061 sec  14%
symbol:      0.062 sec  14%
matrix:      0.058 sec  13%    1346 good, 81.6% zero
update:      0.250 sec  57%    7300 pair, 98.3% elim
gbasis:      0.436 sec  15%      41 polynomials
basis:       7.711
 41 polynomials, 83 terms
 total time:         0.437 sec
------------------------------

gb
memory used=5778.2MB, alloc=123.5MB, time=63.85
