    |\^/|     Maple 2022 (X86 64 LINUX)
._|\|   |/|_. Copyright (c) Maplesoft, a division of Waterloo Maple Inc. 2022
 \  MAPLE  /  All rights reserved. Maple is a trademark of
 <____ ____>  Waterloo Maple Inc.
      |       Type ? for help.
> read "../custom_f4.mpl":
> kernelopts(printbytes=false, assertlevel=1):
> interface(echo=0, prettyprint=0):


iteration no. 1	 max. iterations: -1
time for selection: .159
time for computing M: 2.610, size:Array(1..2, [181,182])
time for computing N (rref): 2.767
time for computing leading monomials: .7e-2
time for computing N+: .671


iteration no. 2	 max. iterations: -1
time for selection: .127


Weights:    {a_e = a_e^2, a_i = a_i^2, e_0 = e_0^2, e_1 = e_1^2, e_2 = e_2^2, e_3 = e_3^2, e_4 = e_4^2, e_5 = e_5^2, e_6 = e_6^2, e_7 = e_7^2, i_8 = i_8^2, k = k^2, mu = mu^2, rho = rho^2, w_aux = w_aux^2}

-> MGb
 domain: mod_int_cof
F4 algorithm
prime=11863279
 deg  pairs  taken         matrix                                        found
   5     46     15       101 x 195          4.2 per row,     0.0 MB     15 new,      0 zero     0.005 sec
   6     97     62       309 x 646          4.8 per row,     0.0 MB     59 new,      3 zero     0.003 sec
   6    556    189       735 x 1536         7.0 per row,     0.0 MB     98 new,     91 zero     0.011 sec
   5   1436    210       633 x 1658         9.7 per row,     0.0 MB     35 new,    175 zero     0.006 sec
   4   1582     45       186 x 541         39.1 per row,     0.1 MB      0 new,     45 zero     0.001 sec
   5   1537    130       940 x 2569        19.8 per row,     0.1 MB     20 new,    110 zero     0.007 sec
   6   1744    924      5294 x 8661        16.5 per row,     0.7 MB    313 new,    611 zero     0.099 sec
   5   2854    420      1131 x 1659        30.6 per row,     0.3 MB      0 new,    420 zero     0.004 sec
   6   2434   1010      5214 x 8007        26.9 per row,     1.1 MB     26 new,    984 zero     0.025 sec
   7   1833   1227     11736 x 18900       22.3 per row,     2.0 MB    192 new,   1035 zero     0.150 sec
   7   3133    288      1454 x 3233       130.2 per row,     1.5 MB    288 new,      0 zero     0.122 sec
   6   6042     42       350 x 1306       245.4 per row,     0.7 MB     42 new,      0 zero     0.020 sec
   7   5873   1318      5499 x 8122       283.7 per row,    11.9 MB    716 new,    602 zero     0.539 sec
   6  11885   2941      6220 x 5723       436.8 per row,    20.8 MB    857 new,   2084 zero     0.609 sec
   4   6216    995      1577 x 696         53.0 per row,     0.6 MB     35 new,    960 zero     0.022 sec
   3   3954    234       401 x 214         21.4 per row,     0.1 MB      0 new,    234 zero     0.003 sec
   4   3720    222       827 x 901         14.7 per row,     0.1 MB     10 new,    212 zero     0.007 sec
   3   3353      9        72 x 97           9.9 per row,     0.0 MB      0 new,      9 zero     0.003 sec
   4   3344     37       256 x 311         10.1 per row,     0.0 MB      3 new,     34 zero     0.003 sec
   4   3291      9        92 x 124          9.5 per row,     0.0 MB      0 new,      9 zero     0.002 sec
   5   3282    963      3127 x 2746        98.6 per row,     2.4 MB     30 new,    939 zero     0.012 sec
   4   2433      8        99 x 135         10.2 per row,     0.0 MB      0 new,      8 zero     0.002 sec
   5   2425    120       519 x 559          7.5 per row,     0.0 MB      1 new,    119 zero     0.002 sec
   5   2315      8       195 x 301          8.4 per row,     0.0 MB      0 new,      8 zero     0.002 sec
   6   2307    809      5945 x 6203        58.4 per row,     2.7 MB     75 new,    734 zero     0.030 sec
   3   2053      9        67 x 90           9.8 per row,     0.0 MB      0 new,      9 zero     0.002 sec
   4   2044     76       239 x 252          6.9 per row,     0.0 MB      5 new,     71 zero     0.002 sec
   5   2063    107       517 x 684          8.6 per row,     0.0 MB      1 new,    106 zero     0.002 sec
   6   1975    332      3886 x 4004        34.6 per row,     1.0 MB     91 new,    241 zero     0.019 sec
   4   1875     32       291 x 344         21.1 per row,     0.0 MB     32 new,      0 zero     0.006 sec
   4   1880    200       520 x 376         28.0 per row,     0.1 MB     40 new,    160 zero     0.005 sec
   2    790     44        98 x 56           3.4 per row,     0.0 MB      0 new,     44 zero     0.001 sec
   3    746     63       181 x 124          9.5 per row,     0.0 MB      0 new,     63 zero     0.001 sec
   4    683     64       256 x 207          7.8 per row,     0.0 MB      9 new,     55 zero     0.002 sec
   4    664      9        29 x 22           2.6 per row,     0.0 MB      0 new,      9 zero     0.001 sec
   5    655    288      1565 x 1302        25.9 per row,     0.3 MB     12 new,    276 zero     0.004 sec
   2    283      1         3 x 3            2.0 per row,     0.0 MB      0 new,      1 zero     0.001 sec
   3    282     12        26 x 27           2.4 per row,     0.0 MB     10 new,      2 zero     0.001 sec
   4    207     36       155 x 123          3.4 per row,     0.0 MB      1 new,     35 zero     0.001 sec
   5    171      8        56 x 51           2.7 per row,     0.0 MB      0 new,      8 zero     0.001 sec
   6    163     28       900 x 876         11.0 per row,     0.1 MB      0 new,     28 zero     0.002 sec
   7    135    135      9698 x 9568        16.8 per row,     1.3 MB      0 new,    135 zero     0.018 sec
reduce:                   32 x 35           2.7 per row,     0.0 MB
select:      0.163 sec   9%
symbol:      0.133 sec   8%
matrix:      0.191 sec  11%    3016 good, 78.0% zero
update:      1.271 sec  72%   13679 pair, 99.4% elim
gbasis:      1.764 sec  10%      32 polynomials
basis:      24.867
 32 polynomials, 76 terms
 total time:         1.765 sec
------------------------------

gb
memory used=705.0MB, alloc=44.3MB, time=31.30
