    |\^/|     Maple 2022 (X86 64 LINUX)
._|\|   |/|_. Copyright (c) Maplesoft, a division of Waterloo Maple Inc. 2022
 \  MAPLE  /  All rights reserved. Maple is a trademark of
 <____ ____>  Waterloo Maple Inc.
      |       Type ? for help.
> read "../custom_f4.mpl":
> kernelopts(printbytes=false, assertlevel=1):
> interface(echo=0, prettyprint=0):


iteration no. 1	 max. iterations: -1
time for selection: .448
time for computing M: .324, size:Array(1..2, [169,92])
time for computing N (rref): .985
time for computing leading monomials: .8e-2
time for computing N+: .490


iteration no. 2	 max. iterations: -1
time for selection: .353
time for computing M: 72.380, size:Array(1..2, [1039,877])
time for computing N (rref): 549.426
time for computing leading monomials: .52e-1
time for computing N+: 37.562


iteration no. 3	 max. iterations: -1
time for selection: .739


Weights:    {b = b^2, dlt = dlt^2, e_0 = e_0^2, e_1 = e_1^2, e_2 = e_2^2, e_3 = e_3^2, e_4 = e_4^2, e_5 = e_5^2, e_6 = e_6^2, e_7 = e_7^2, e_8 = e_8^2, g = g^2, i_0 = i_0^2, i_1 = i_1^2, i_2 = i_2^2, i_3 = i_3^2, i_4 = i_4^2, i_5 = i_5^2, i_6 = i_6^2, i_7 = i_7^2, i_8 = i_8^2, i_9 = i_9^2, mu = mu^2, n = n^2, tau0 = tau0^2, w_aux = w_aux^2}

-> MGb
 domain: mod_int_cof
F4 algorithm
prime=11863279
 deg  pairs  taken         matrix                                        found
   3    270     11        44 x 47           2.5 per row,     0.0 MB     11 new,      0 zero     0.004 sec
   3    333     55       110 x 88           4.0 per row,     0.0 MB     19 new,     36 zero     0.001 sec
   2    209      9        20 x 14           3.5 per row,     0.0 MB      0 new,      9 zero     0.000 sec
   3    200      9        28 x 24           4.1 per row,     0.0 MB      0 new,      9 zero     0.000 sec
   4    191    101       558 x 470          3.2 per row,     0.0 MB      0 new,    101 zero     0.001 sec
   5     90      7        50 x 109          4.7 per row,     0.0 MB      7 new,      0 zero     0.000 sec
   6    132     61       460 x 592          5.0 per row,     0.0 MB     18 new,     43 zero     0.002 sec
   7    176     68       302 x 782         15.9 per row,     0.0 MB     41 new,     27 zero     0.004 sec
   8    467    166       684 x 1821        28.2 per row,     0.1 MB     82 new,     84 zero     0.012 sec
   8    993    108       580 x 1133        27.1 per row,     0.1 MB     36 new,     72 zero     0.005 sec
   9   1161    783      2403 x 7200        69.5 per row,     1.3 MB    408 new,    375 zero     0.155 sec
   8   4456     28        56 x 168         10.8 per row,     0.0 MB     28 new,      0 zero     0.013 sec
   8   5800    140       384 x 850         25.8 per row,     0.1 MB     64 new,     76 zero     0.030 sec
   6   7504     15       151 x 331          8.6 per row,     0.0 MB     15 new,      0 zero     0.010 sec
   5   7174     15        54 x 154         27.0 per row,     0.0 MB      0 new,     15 zero     0.002 sec
   6   7159     55       214 x 439         22.4 per row,     0.0 MB      0 new,     55 zero     0.002 sec
   7   7104     85       491 x 1000        32.8 per row,     0.1 MB      0 new,     85 zero     0.003 sec
   8   7019     32       406 x 1263        17.4 per row,     0.1 MB     32 new,      0 zero     0.014 sec
   7   7856     18       337 x 690         12.2 per row,     0.0 MB      6 new,     12 zero     0.005 sec
   8   8108    102      1339 x 3047        25.3 per row,     0.3 MB      6 new,     96 zero     0.012 sec
   9   8073    918      8261 x 17703       44.3 per row,     2.8 MB    255 new,    663 zero     0.216 sec
   8  12004     10       723 x 2227        15.6 per row,     0.1 MB     10 new,      0 zero     0.013 sec
   9  12174     65      8051 x 24425       64.4 per row,     4.0 MB     15 new,     50 zero     0.095 sec
  10  12268   2612     43193 x 101179      75.4 per row,    25.0 MB    727 new,   1885 zero     1.766 sec
   6  18021      6        24 x 147         16.0 per row,     0.0 MB      6 new,      0 zero     0.057 sec
   7  18006     68       626 x 1731        28.2 per row,     0.1 MB     62 new,      6 zero     0.080 sec
   7  17274     12       184 x 527         27.5 per row,     0.0 MB      0 new,     12 zero     0.019 sec
   8  17262    352      3576 x 9919        49.1 per row,     1.4 MB    228 new,    124 zero     0.249 sec
   7  15962     24       762 x 2032        35.8 per row,     0.2 MB     12 new,     12 zero     0.037 sec
   8  15821    297      6283 x 17693       66.9 per row,     3.2 MB    142 new,    155 zero     0.194 sec
   7  16667     10       213 x 2040        87.2 per row,     0.1 MB      7 new,      3 zero     0.032 sec
   8  16690     80      4839 x 15536       92.5 per row,     3.4 MB     54 new,     26 zero     0.097 sec
   5  16659      2        27 x 109         17.3 per row,     0.0 MB      2 new,      0 zero     0.023 sec
   5  16417      1        58 x 141         10.1 per row,     0.0 MB      0 new,      1 zero     0.018 sec
   6  16416     10       197 x 836         19.2 per row,     0.0 MB      5 new,      5 zero     0.023 sec
   7  16306     21      1004 x 2460        27.1 per row,     0.2 MB     14 new,      7 zero     0.034 sec
   8  16527    254      6453 x 18663       87.6 per row,     4.3 MB    147 new,    107 zero     0.207 sec
   7  18337      2       186 x 418          8.8 per row,     0.0 MB      0 new,      2 zero     0.027 sec
   8  18335     38      3224 x 9143        75.6 per row,     1.9 MB     32 new,      6 zero     0.074 sec
   7  18812      1        49 x 145          9.7 per row,     0.0 MB      1 new,      0 zero     0.024 sec
   8  18829     10       567 x 2463        26.3 per row,     0.1 MB      7 new,      3 zero     0.032 sec
   8  18954      4       187 x 659         17.1 per row,     0.0 MB      3 new,      1 zero     0.024 sec
   8  19022      2       159 x 427         12.4 per row,     0.0 MB      1 new,      1 zero     0.022 sec
   8  19046      2       174 x 656         16.8 per row,     0.0 MB      1 new,      1 zero     0.022 sec
   9  19095   2790     33702 x 68899      139.5 per row,    36.0 MB   1447 new,   1345 zero     3.779 sec
   4  32289     12        38 x 67           8.5 per row,     0.0 MB      3 new,      9 zero     0.141 sec
   5  28519     24        88 x 213         12.9 per row,     0.0 MB     10 new,     14 zero     0.089 sec
   6  26568     72       520 x 1201        18.6 per row,     0.1 MB     31 new,     44 zero     0.113 sec
   5  23426     12        39 x 53          12.6 per row,     0.0 MB      0 new,     12 zero     0.074 sec
   6  23414     42       368 x 1108        27.8 per row,     0.1 MB      9 new,     33 zero     0.086 sec
   7  23302    449      3079 x 6801        71.8 per row,     1.7 MB    141 new,    312 zero     0.252 sec
   6  21608      3        73 x 158         10.5 per row,     0.0 MB      1 new,      2 zero     0.080 sec
   7  21498     56      1509 x 4553        57.5 per row,     0.7 MB     24 new,     32 zero     0.105 sec
   7  21385     10       285 x 732         39.9 per row,     0.1 MB      1 new,      9 zero     0.075 sec
   7  21316      3       783 x 2025        53.3 per row,     0.3 MB      1 new,      2 zero     0.077 sec
   8  21279   1570     14625 x 24707      162.8 per row,    18.2 MB    651 new,    924 zero     1.097 sec
   7  28844     25      1400 x 4319        75.1 per row,     0.8 MB      4 new,     21 zero     0.110 sec
   8  28747    359     10842 x 21548      219.1 per row,    18.2 MB    174 new,    185 zero     0.448 sec
   8  31448     47      6941 x 14121      228.9 per row,    12.1 MB     19 new,     28 zero     0.160 sec
   8  31714     14      6191 x 12653      239.0 per row,    11.3 MB      5 new,      9 zero     0.122 sec
   9  31821   7295     59092 x 84791      362.4 per row,   163.6 MB   2895 new,   4457 zero    15.134 sec
   7  75337      5       873 x 2671       104.6 per row,     0.7 MB      1 new,      4 zero     0.491 sec
   7  75219      2       622 x 2121       118.6 per row,     0.6 MB      0 new,      2 zero     0.251 sec
   8  75217    158      9881 x 19733      413.7 per row,    31.2 MB     91 new,     67 zero     0.728 sec
   7  74996      4       621 x 2118       117.9 per row,     0.6 MB      0 new,      4 zero     0.240 sec
   8  74992     81      8804 x 18166      473.4 per row,    31.8 MB     63 new,     18 zero     0.606 sec
   8  73871     54      7492 x 16443      507.1 per row,    29.0 MB     48 new,      6 zero     0.562 sec
   8  72976     42      7118 x 15809      514.2 per row,    27.9 MB     20 new,     22 zero     0.394 sec
   8  71866     36      7086 x 15763      519.2 per row,    28.1 MB     17 new,     19 zero     0.388 sec
   8  71352     21      7064 x 15739      516.1 per row,    27.8 MB     11 new,     10 zero     0.362 sec
   8  71092     12      2934 x 8028       691.8 per row,    15.5 MB      8 new,      4 zero     0.295 sec
   8  70834     12      6999 x 15611      523.8 per row,    28.0 MB      8 new,      4 zero     0.325 sec
   8  70508     12      2926 x 8007       697.1 per row,    15.6 MB      8 new,      4 zero     0.292 sec
   8  70144     12      7003 x 15599      526.3 per row,    28.1 MB      8 new,      4 zero     0.334 sec
   8  69920     12      2922 x 7991       701.3 per row,    15.6 MB      8 new,      4 zero     0.293 sec
   8  69606     12      6974 x 15529      524.7 per row,    27.9 MB      8 new,      4 zero     0.324 sec
   8  69446     12      2908 x 7963       691.7 per row,    15.4 MB      8 new,      4 zero     0.289 sec
   8  69142     12      6965 x 15495      528.8 per row,    28.1 MB      4 new,      8 zero     0.315 sec
   8  68931     12      2859 x 7881       697.4 per row,    15.2 MB      4 new,      8 zero     0.273 sec
   8  68869      3      7071 x 15683      515.1 per row,    27.8 MB      2 new,      1 zero     0.299 sec
   9  68912   5175     58365 x 85214      812.1 per row,   361.8 MB   2800 new,   2375 zero    23.197 sec
   8 106544    246      8476 x 17718      724.2 per row,    46.9 MB     97 new,    149 zero     1.466 sec
   8 104293     84      8129 x 17170      715.5 per row,    44.4 MB     16 new,     68 zero     0.574 sec
   8 104190      9      2692 x 7994       812.8 per row,    16.7 MB      3 new,      6 zero     0.390 sec
   8 103993      6      2569 x 7867       844.7 per row,    16.6 MB      2 new,      4 zero     0.376 sec
   9 104031   4297     57866 x 82572     1047.8 per row,   462.8 MB   2296 new,   2001 zero    22.437 sec
   8 134636    180      9111 x 18512      919.0 per row,    63.9 MB     81 new,     99 zero     1.555 sec
   8 132761     81      8835 x 17864      883.7 per row,    59.6 MB     28 new,     53 zero     0.762 sec
   8 132520     24      7776 x 16659      724.5 per row,    43.0 MB      8 new,     16 zero     0.608 sec
   8 132223     12      3234 x 8606      1008.2 per row,    24.9 MB      4 new,      8 zero     0.481 sec
   8 132220      3      2764 x 7441       977.8 per row,    20.6 MB      1 new,      2 zero     0.453 sec
   9 132239   5087     64834 x 86426     1293.6 per row,   640.1 MB   2637 new,   2450 zero    32.863 sec
   8 170348    129      9597 x 18853     1044.9 per row,    76.5 MB     82 new,     47 zero     1.904 sec
   8 169718     36      9412 x 18352     1022.1 per row,    73.4 MB     19 new,     17 zero     0.921 sec
   8 169486      9      9242 x 18042     1016.1 per row,    71.7 MB      6 new,      3 zero     0.751 sec
   9 169525   4864     66143 x 85743     1500.6 per row,   757.5 MB   1891 new,   2973 zero    28.635 sec
   8 195221     83      9918 x 18874     1141.4 per row,    86.4 MB     26 new,     57 zero     1.458 sec
   8 194869     21     10774 x 20127     1124.6 per row,    92.5 MB     12 new,      9 zero     0.985 sec
   8 194757      9     10770 x 20123     1122.3 per row,    92.3 MB      7 new,      2 zero     0.863 sec
   8 194717      6     10771 x 20120     1122.6 per row,    92.3 MB      5 new,      1 zero     0.847 sec
   8 194551      6      9248 x 18103     1115.8 per row,    78.8 MB      4 new,      2 zero     0.764 sec
   8 194451      6     10779 x 20117     1124.5 per row,    92.5 MB      5 new,      1 zero     0.840 sec
   8 194282      6      9249 x 18095     1117.9 per row,    78.9 MB      4 new,      2 zero     0.798 sec
   8 194213      6     10787 x 20114     1126.1 per row,    92.7 MB      5 new,      1 zero     0.796 sec
   8 194007      6      9230 x 18067     1116.9 per row,    78.7 MB      4 new,      2 zero     0.778 sec
   8 193833      9     10796 x 20111     1128.4 per row,    93.0 MB      6 new,      3 zero     0.839 sec
   8 193486     12     10775 x 19998     1115.5 per row,    91.7 MB      7 new,      5 zero     0.834 sec
   8 193261     15     10317 x 19512     1128.2 per row,    88.8 MB      7 new,      8 zero     0.788 sec
   8 193168      9     10316 x 19490     1126.1 per row,    88.7 MB      5 new,      4 zero     0.759 sec
   8 192886      9     10277 x 19412     1126.1 per row,    88.3 MB      4 new,      5 zero     0.738 sec
   8 192835      6      9474 x 18454     1095.2 per row,    79.2 MB      2 new,      4 zero     0.737 sec
   8 192754      3      9473 x 18454     1094.5 per row,    79.1 MB      2 new,      1 zero     0.755 sec
   8 192688      3      9474 x 18453     1094.9 per row,    79.2 MB      2 new,      1 zero     0.722 sec
   8 192603      3      9475 x 18452     1095.2 per row,    79.2 MB      2 new,      1 zero     0.745 sec
   8 192552      3      4756 x 11766      839.1 per row,    30.5 MB      2 new,      1 zero     0.620 sec
   8 192460      3      9391 x 18340     1104.1 per row,    79.1 MB      2 new,      1 zero     0.724 sec
   8 192419      3      4505 x 11480      878.8 per row,    30.2 MB      2 new,      1 zero     0.629 sec
   8 192326      3      9360 x 18305     1107.2 per row,    79.1 MB      2 new,      1 zero     0.710 sec
   8 192268      3      4449 x 11351      871.6 per row,    29.6 MB      2 new,      1 zero     0.622 sec
   8 192185      3      9361 x 18239     1107.6 per row,    79.1 MB      2 new,      1 zero     0.711 sec
   8 192095      3      4436 x 11271      876.0 per row,    29.7 MB      2 new,      1 zero     0.622 sec
   8 191978      3      9363 x 18236     1107.9 per row,    79.2 MB      2 new,      1 zero     0.761 sec
   8 191866      3      4351 x 11155      830.9 per row,    27.6 MB      1 new,      2 zero     0.621 sec
   8 191729      3      9365 x 18235     1107.6 per row,    79.2 MB      1 new,      2 zero     0.733 sec
   9 191750   4391     70416 x 89610     1508.4 per row,   810.6 MB   1590 new,   2801 zero    26.176 sec
   8 210017    189     11490 x 21261     1293.8 per row,   113.5 MB     84 new,    105 zero     2.303 sec
   8 210325     26     11205 x 21008     1279.3 per row,   109.4 MB     11 new,     15 zero     0.975 sec
   8 210451      3     11102 x 20911     1270.8 per row,   107.7 MB      2 new,      1 zero     0.780 sec
   8 210405      3     11092 x 20897     1272.4 per row,   107.7 MB      2 new,      1 zero     0.839 sec
   8 210372      3     11088 x 20887     1272.2 per row,   107.7 MB      3 new,      0 zero     0.846 sec
   8 210364      3     11089 x 20885     1272.5 per row,   107.7 MB      2 new,      1 zero     0.819 sec
   9 210408   3579     71430 x 91393     1517.5 per row,   827.3 MB   1346 new,   2233 zero    23.970 sec
   8 224349    285     12792 x 22101     1452.5 per row,   141.8 MB    139 new,    146 zero     3.102 sec
   8 224592     84     12119 x 21462     1439.5 per row,   133.1 MB     46 new,     38 zero     1.514 sec
   8 223531     77     12622 x 22077     1407.0 per row,   135.5 MB     50 new,     27 zero     1.589 sec
   8 222918     81     12334 x 21641     1404.4 per row,   132.2 MB     54 new,     27 zero     1.592 sec
   8 222095    117     11534 x 20632     1387.1 per row,   122.1 MB     69 new,     48 zero     1.741 sec
   8 219126    105     10790 x 19057     1322.0 per row,   108.9 MB     67 new,     38 zero     1.633 sec
   8 215517    149     11792 x 20736     1347.7 per row,   121.3 MB     84 new,     65 zero     1.843 sec
   8 211690    192     11166 x 19508     1293.7 per row,   110.3 MB    103 new,     89 zero     1.971 sec
   7 205528     18      2382 x 6577       684.7 per row,    12.5 MB      8 new,     10 zero     0.721 sec
   7 204941      6      2355 x 6554       686.2 per row,    12.3 MB      2 new,      4 zero     0.645 sec
   8 204907    416     20501 x 30787     1481.4 per row,   231.8 MB    131 new,    285 zero     2.701 sec
   7 202548     37      2549 x 6950       762.1 per row,    14.8 MB     16 new,     21 zero     0.849 sec
   7 202021     12      1894 x 4248       240.4 per row,     3.5 MB      2 new,     10 zero     0.617 sec
   7 201906      6      1879 x 4237       238.6 per row,     3.4 MB      0 new,      6 zero     0.587 sec
   8 201900    553     21223 x 31378     1374.6 per row,   222.6 MB    242 new,    311 zero     3.891 sec
   7 201661     42      2605 x 6952       812.4 per row,    16.2 MB     19 new,     23 zero     0.848 sec
   7 200481      9      1870 x 4165       240.3 per row,     3.4 MB      0 new,      9 zero     0.587 sec
   8 200472    628     21364 x 31196     1386.6 per row,   226.1 MB    345 new,    283 zero     5.221 sec
   7 196999      6      1610 x 3748       272.6 per row,     3.4 MB      1 new,      5 zero     0.610 sec
   8 196953    515     17958 x 26963     1261.7 per row,   172.9 MB    428 new,     87 zero     5.878 sec
   8 187387    947     15514 x 23310     1407.0 per row,   166.6 MB    193 new,    754 zero     2.926 sec
   8 182585    416     14480 x 22575     1319.7 per row,   145.8 MB     49 new,    367 zero     1.329 sec
   8 182262     83     11827 x 19340     1318.9 per row,   119.1 MB     38 new,     45 zero     1.213 sec
   8 182170     60     11937 x 19443     1319.4 per row,   120.2 MB     19 new,     41 zero     0.974 sec
   8 181993     36     11103 x 18559     1308.9 per row,   110.9 MB     17 new,     19 zero     0.925 sec
   8 181968     33     11115 x 18557     1309.2 per row,   111.1 MB     16 new,     17 zero     0.847 sec
   8 182050     24     10751 x 18102     1281.2 per row,   105.1 MB     13 new,     11 zero     0.858 sec
   8 181905     21     11126 x 18551     1310.7 per row,   111.3 MB     12 new,      9 zero     0.876 sec
   8 181904     18     10691 x 18023     1282.7 per row,   104.7 MB     10 new,      8 zero     0.793 sec
   8 181917     18     11140 x 18546     1310.9 per row,   111.5 MB     10 new,      8 zero     0.788 sec
   8 181715     22     12009 x 19437     1224.9 per row,   112.3 MB     12 new,     10 zero     0.886 sec
   8 181689     18     17937 x 26993     1214.5 per row,   166.3 MB     11 new,      7 zero     0.981 sec
   8 181598     24      8701 x 15204     1203.6 per row,    79.9 MB     12 new,     12 zero     0.763 sec
   8 181524     19     17178 x 26170     1236.3 per row,   162.1 MB     14 new,      5 zero     0.964 sec
   8 181462     30     11081 x 17799     1311.2 per row,   110.9 MB     16 new,     14 zero     0.866 sec
   8 181330     24     17208 x 26157     1239.7 per row,   162.8 MB     16 new,      8 zero     1.061 sec
   8 181137     23     11055 x 17748     1298.3 per row,   109.5 MB     11 new,     12 zero     0.814 sec
   8 180807     28     17260 x 26188     1239.0 per row,   163.2 MB     17 new,     11 zero     1.058 sec
   8 180693     24     11080 x 17760     1293.9 per row,   109.4 MB     10 new,     14 zero     0.848 sec
   8 180297     21     17274 x 26175     1239.6 per row,   163.4 MB      7 new,     14 zero     0.937 sec
   8 180274     15     10997 x 17615     1292.8 per row,   108.5 MB      7 new,      8 zero     0.759 sec
   8 180050     17     17292 x 26183     1239.6 per row,   163.6 MB      9 new,      8 zero     0.920 sec
   8 180074     12     10725 x 17300     1260.7 per row,   103.2 MB      8 new,      4 zero     0.767 sec
   8 179724     16     17240 x 26063     1242.2 per row,   163.5 MB     12 new,      4 zero     0.873 sec
   8 179619     18     10399 x 16911     1212.5 per row,    96.2 MB      9 new,      9 zero     0.722 sec
   8 179287     18     17237 x 26022     1245.6 per row,   163.9 MB     11 new,      7 zero     0.929 sec
   8 179187     21     10405 x 16889     1215.1 per row,    96.5 MB     10 new,     11 zero     0.731 sec
   8 178849     19     17228 x 25972     1249.3 per row,   164.3 MB      8 new,     11 zero     0.871 sec
   8 178856     12     10386 x 16859     1212.9 per row,    96.1 MB      7 new,      5 zero     0.673 sec
   8 178704     19     17215 x 25942     1250.8 per row,   164.3 MB     11 new,      8 zero     0.965 sec
   8 178730     11     10401 x 16865     1213.9 per row,    96.4 MB      6 new,      5 zero     0.680 sec
   8 178557     17     17222 x 25931     1252.4 per row,   164.6 MB     11 new,      6 zero     0.900 sec
   8 178571      9     10085 x 16505     1248.7 per row,    96.1 MB      6 new,      3 zero     0.657 sec
   8 178559     18     17232 x 25922     1253.7 per row,   164.9 MB     12 new,      6 zero     0.925 sec
   8 178709      9     10070 x 16478     1247.1 per row,    95.8 MB      6 new,      3 zero     0.650 sec
   8 178684     18     12803 x 20707     1198.4 per row,   117.1 MB     12 new,      6 zero     0.818 sec
   8 178760     15      8499 x 14591     1310.5 per row,    85.0 MB      7 new,      8 zero     0.652 sec
   8 178728     15     10662 x 17086     1325.7 per row,   107.9 MB      7 new,      8 zero     0.706 sec
   8 178565     15      8425 x 14488     1308.9 per row,    84.2 MB      5 new,     10 zero     0.637 sec
   8 178545      6      7540 x 13452     1313.2 per row,    75.6 MB      2 new,      4 zero     0.605 sec
   8 178374      6      8399 x 14464     1310.2 per row,    84.0 MB      2 new,      4 zero     0.616 sec
   9 178373  35034    124948 x 110303    1846.3 per row,  1760.5 MB   3152 new,  31950 zero    58.868 sec
   8 187900   1204     20573 x 29191     1542.9 per row,   242.2 MB    252 new,    952 zero     4.760 sec
   7 188942     39      2639 x 6612       791.0 per row,    15.9 MB      3 new,     36 zero     0.556 sec
   8 188841    462     22611 x 31201     1233.7 per row,   212.9 MB    325 new,    137 zero     5.525 sec
   7 193630     21      1919 x 5774       511.4 per row,     7.5 MB     13 new,      8 zero     0.683 sec
   8 193480    246     19766 x 28124     1275.1 per row,   192.4 MB    173 new,     73 zero     3.209 sec
   8 195129    110     13645 x 21837     1469.6 per row,   153.0 MB    100 new,     10 zero     2.098 sec
   8 196228     88     11970 x 18950     1529.5 per row,   139.7 MB     82 new,      6 zero     1.846 sec
   8 195870    173     11978 x 18671     1550.2 per row,   141.7 MB     62 new,    111 zero     1.505 sec
   7 193263      3      2272 x 6192       811.3 per row,    14.1 MB      0 new,      3 zero     0.468 sec
   8 193260    185     21491 x 29800     1322.7 per row,   217.0 MB     31 new,    154 zero     1.286 sec
   8 193509     27      7400 x 12688     1309.7 per row,    74.0 MB      7 new,     20 zero     0.672 sec
   8 193437      9      7061 x 12087     1341.9 per row,    72.3 MB      3 new,      6 zero     0.579 sec
   8 193455      8     10293 x 17994     1497.4 per row,   117.6 MB      2 new,      6 zero     0.637 sec
   9 193480  22359    122228 x 116300    1701.1 per row,  1586.8 MB   1816 new,  20551 zero    35.414 sec
   8 198111    905     23187 x 31347     1484.6 per row,   262.7 MB     97 new,    808 zero     2.744 sec
   8 199431      6      7074 x 11893     1386.3 per row,    74.8 MB      2 new,      4 zero     0.603 sec
   8 199304      6     10398 x 18183     1514.3 per row,   120.2 MB      2 new,      4 zero     0.653 sec
   9 199325  10109    114316 x 120017    1464.5 per row,  1277.7 MB   1340 new,   8770 zero    30.612 sec
   8 216103    269     14155 x 22333     1788.0 per row,   193.1 MB      8 new,    261 zero     1.103 sec
   9 216034   4379    105964 x 115858    1431.5 per row,  1157.7 MB   1159 new,   3222 zero    26.293 sec
   8 232909    174     15366 x 22598     1936.8 per row,   227.1 MB     52 new,    122 zero     1.885 sec
   8 232251     30     11586 x 18192     1884.8 per row,   166.6 MB     11 new,     19 zero     0.970 sec
   8 232402      5     25419 x 33519     1660.7 per row,   322.2 MB      4 new,      1 zero     1.011 sec
   8 232471      3      9929 x 16239     1735.8 per row,   131.5 MB      2 new,      1 zero     0.724 sec
   8 232432      6     24158 x 31798     1609.2 per row,   296.7 MB      5 new,      1 zero     1.033 sec
   8 232524      3      9921 x 16228     1735.5 per row,   131.4 MB      2 new,      1 zero     0.698 sec
   8 232504      6     23284 x 30915     1624.1 per row,   288.6 MB      5 new,      1 zero     1.002 sec
   8 232596      3      9914 x 16218     1735.5 per row,   131.3 MB      2 new,      1 zero     0.700 sec
   8 232579      6     23288 x 30911     1624.5 per row,   288.7 MB      5 new,      1 zero     1.037 sec
   8 232672      3      9893 x 16194     1733.4 per row,   130.9 MB      2 new,      1 zero     0.716 sec
   8 232643      6     23292 x 30907     1625.0 per row,   288.9 MB      5 new,      1 zero     1.016 sec
   8 232718      3      9876 x 16174     1733.3 per row,   130.6 MB      2 new,      1 zero     0.711 sec
   8 232700      6     23296 x 30903     1625.5 per row,   289.0 MB      5 new,      1 zero     1.030 sec
   8 232764      3      7996 x 13768     1665.8 per row,   101.7 MB      1 new,      2 zero     0.649 sec
   8 232764      3     10937 x 17529     1856.3 per row,   154.9 MB      1 new,      2 zero     0.704 sec
   9 232787   4484    108103 x 117692    1431.4 per row,  1181.0 MB   1285 new,   3199 zero    33.963 sec
   8 240721   1621     26408 x 31782     1802.1 per row,   363.2 MB    210 new,   1411 zero     5.129 sec
   8 237877    458     14471 x 20368     1717.2 per row,   189.6 MB    118 new,    340 zero     2.817 sec
   7 236389     15      8243 x 12809     1546.3 per row,    97.3 MB     12 new,      3 zero     0.847 sec
   8 236228    407     42099 x 49872     1797.4 per row,   577.5 MB    155 new,    252 zero     4.571 sec
   7 237204     24      8299 x 12861     1541.7 per row,    97.6 MB     11 new,     13 zero     0.935 sec
   8 237229    241     42121 x 49939     1790.2 per row,   575.5 MB    114 new,    127 zero     3.850 sec
   7 239282      3      8286 x 12853     1540.4 per row,    97.4 MB      3 new,      0 zero     0.730 sec
   8 239307     42     42018 x 49912     1783.0 per row,   571.7 MB     17 new,     25 zero     1.829 sec
   7 239277      6      8293 x 12852     1542.2 per row,    97.6 MB      0 new,      6 zero     0.629 sec
   8 239271     50     41983 x 49851     1785.8 per row,   572.2 MB     26 new,     24 zero     2.184 sec
   9 239874  22240    141263 x 129673    1679.6 per row,  1810.7 MB   1380 new,  20869 zero    34.403 sec
   7 195378    795      9740 x 13235     1713.9 per row,   127.4 MB     12 new,    783 zero     1.196 sec
   7 193836     18      8533 x 12791     1655.0 per row,   107.8 MB      6 new,     12 zero     0.762 sec
   7 193653      3      8200 x 12467     1684.8 per row,   105.4 MB      1 new,      2 zero     0.629 sec
   8 193673   7579     51437 x 51286     1970.1 per row,   773.3 MB   1028 new,   6551 zero    17.624 sec
   7 197292    237      9074 x 13180     1718.2 per row,   119.0 MB      8 new,    229 zero     0.963 sec
   7 196912      6      6767 x 10956     1487.5 per row,    76.8 MB      2 new,      4 zero     0.597 sec
   7 196779      3      8726 x 13015     1672.3 per row,   111.4 MB      1 new,      2 zero     0.650 sec
   8 196751   2662     47829 x 51748     1730.7 per row,   631.7 MB    296 new,   2374 zero     5.790 sec
   7 199803     12      6814 x 11090     1498.5 per row,    77.9 MB      0 new,     12 zero     0.645 sec
   8 199791    217     36954 x 43078     1484.6 per row,   418.7 MB     57 new,    160 zero     2.051 sec
   8 200737     21     16683 x 22275     1851.3 per row,   235.7 MB     11 new,     10 zero     1.063 sec
   8 200783      9     14524 x 20193     1721.9 per row,   190.9 MB      3 new,      6 zero     0.770 sec
   8 200784      3     12090 x 17429     1636.8 per row,   151.0 MB      1 new,      2 zero     0.740 sec
   8 200805      2     10756 x 16088     1751.5 per row,   143.8 MB      0 new,      2 zero     0.681 sec
   9 200803  16300    148639 x 140324    1471.1 per row,  1668.8 MB    439 new,  15913 zero    12.329 sec
   8 193918     63     25778 x 31753     1667.8 per row,   328.1 MB      9 new,     54 zero     1.307 sec
   8 193873     15     12221 x 17542     1650.5 per row,   153.9 MB      7 new,      8 zero     0.788 sec
   8 193779     12     16792 x 22360     1868.1 per row,   239.4 MB      6 new,      6 zero     0.886 sec
   8 193731     15     16746 x 22305     1864.2 per row,   238.2 MB      7 new,      8 zero     0.929 sec
   8 193574     18     16738 x 22287     1864.5 per row,   238.2 MB      8 new,     10 zero     1.028 sec
   8 193393     18     16736 x 22277     1864.6 per row,   238.1 MB      8 new,     10 zero     1.016 sec
   8 193160     18     16738 x 22271     1865.3 per row,   238.3 MB      8 new,     10 zero     0.992 sec
   8 193101     12     11818 x 17105     1682.4 per row,   151.7 MB      6 new,      6 zero     0.808 sec
   8 193049     12     11817 x 17098     1683.5 per row,   151.8 MB      6 new,      6 zero     0.751 sec
   8 193066      6     11810 x 17091     1683.8 per row,   151.8 MB      4 new,      2 zero     0.733 sec
   8 192940     12     16753 x 22268     1867.5 per row,   238.8 MB      6 new,      6 zero     0.898 sec
   8 192861      6     16748 x 22263     1867.7 per row,   238.7 MB      4 new,      2 zero     0.886 sec
   8 192873      6     11810 x 17080     1686.4 per row,   152.0 MB      4 new,      2 zero     0.771 sec
   8 192826      6     16752 x 22259     1868.6 per row,   238.9 MB      4 new,      2 zero     0.859 sec
   8 192852      6     11782 x 17046     1682.2 per row,   151.3 MB      4 new,      2 zero     0.755 sec
   8 192852      6     15423 x 20786     1700.8 per row,   200.2 MB      4 new,      2 zero     0.850 sec
   8 192862      6     11742 x 17000     1677.0 per row,   150.3 MB      4 new,      2 zero     0.725 sec
   8 192861      6     15424 x 20779     1702.2 per row,   200.4 MB      4 new,      2 zero     0.832 sec
   8 192788      6     11653 x 16991     1671.7 per row,   148.7 MB      4 new,      2 zero     0.712 sec
   8 192704      6     15383 x 20730     1698.6 per row,   199.4 MB      4 new,      2 zero     0.864 sec
   8 192675      6     11652 x 16982     1672.9 per row,   148.8 MB      4 new,      2 zero     0.743 sec
   8 192637      6     15380 x 20718     1699.5 per row,   199.5 MB      4 new,      2 zero     0.858 sec
   8 192549      6     11441 x 16763     1678.1 per row,   146.5 MB      4 new,      2 zero     0.744 sec
   8 192563      6     15379 x 20709     1700.5 per row,   199.6 MB      4 new,      2 zero     0.858 sec
   8 192465      6     11411 x 16725     1679.9 per row,   146.3 MB      4 new,      2 zero     0.719 sec
   8 192471      6     15339 x 20658     1705.9 per row,   199.7 MB      4 new,      2 zero     0.827 sec
   8 192365      6     11413 x 16719     1681.3 per row,   146.4 MB      4 new,      2 zero     0.741 sec
   8 192372      6     15341 x 20652     1707.4 per row,   199.9 MB      4 new,      2 zero     0.790 sec
   8 192276      6     11417 x 16715     1682.8 per row,   146.6 MB      4 new,      2 zero     0.736 sec
   8 192276      6     15343 x 20646     1709.1 per row,   200.1 MB      4 new,      2 zero     0.852 sec
   8 192247      6     11421 x 16711     1684.3 per row,   146.8 MB      4 new,      2 zero     0.741 sec
   8 192229      6     12306 x 17597     1708.8 per row,   160.5 MB      4 new,      2 zero     0.778 sec
   8 192159      6     11424 x 16706     1685.4 per row,   146.9 MB      4 new,      2 zero     0.734 sec
   8 192155      6     12300 x 17582     1708.9 per row,   160.4 MB      4 new,      2 zero     0.767 sec
   8 192136      6     11213 x 16484     1705.1 per row,   145.9 MB      4 new,      2 zero     0.712 sec
   8 192114      6     12302 x 17576     1710.1 per row,   160.5 MB      4 new,      2 zero     0.805 sec
   8 192043      6     10989 x 16248     1665.8 per row,   139.7 MB      4 new,      2 zero     0.714 sec
   8 192043      6     12303 x 17569     1711.5 per row,   160.7 MB      4 new,      2 zero     0.795 sec
   8 192036      6     10994 x 16245     1667.1 per row,   139.9 MB      4 new,      2 zero     0.727 sec
   8 192011      6     12304 x 17562     1712.9 per row,   160.8 MB      4 new,      2 zero     0.783 sec
   8 192044      6     10993 x 16236     1668.7 per row,   140.0 MB      4 new,      2 zero     0.720 sec
   8 191913     12     14890 x 20466     1767.1 per row,   200.8 MB      6 new,      6 zero     0.831 sec
   8 191927      6     10993 x 16228     1670.1 per row,   140.1 MB      4 new,      2 zero     0.738 sec
   8 191773     12     14882 x 20414     1768.0 per row,   200.8 MB      6 new,      6 zero     0.851 sec
   8 191766      6     10961 x 16188     1665.0 per row,   139.3 MB      4 new,      2 zero     0.695 sec
   8 191579     12     13100 x 18622     1739.5 per row,   173.9 MB      6 new,      6 zero     0.846 sec
   8 191627      6     10953 x 16172     1665.1 per row,   139.2 MB      4 new,      2 zero     0.739 sec
   8 191521     12     12750 x 18262     1717.1 per row,   167.1 MB      6 new,      6 zero     0.767 sec
   8 191571      6     10954 x 16165     1667.4 per row,   139.4 MB      4 new,      2 zero     0.737 sec
   8 191559     12     12736 x 18238     1716.8 per row,   166.9 MB      6 new,      6 zero     0.779 sec
   8 191621      6     10837 x 16040     1684.4 per row,   139.3 MB      4 new,      2 zero     0.700 sec
   8 191613     12     12728 x 18220     1718.1 per row,   166.9 MB      6 new,      6 zero     0.793 sec
   8 191671      6     10776 x 15971     1681.2 per row,   138.3 MB      4 new,      2 zero     0.733 sec
   8 191625     12     12722 x 18204     1719.6 per row,   167.0 MB      6 new,      6 zero     0.757 sec
   8 191712      6     10772 x 15959     1683.9 per row,   138.4 MB      4 new,      2 zero     0.703 sec
   8 191643     12     12528 x 18000     1707.4 per row,   163.2 MB      6 new,      6 zero     0.775 sec
   8 191739      6     10767 x 15946     1686.8 per row,   138.6 MB      4 new,      2 zero     0.784 sec
   8 191647     12     12523 x 17985     1708.2 per row,   163.3 MB      6 new,      6 zero     0.773 sec
   8 191737      6     10743 x 15914     1690.8 per row,   138.6 MB      4 new,      2 zero     0.739 sec
   8 191637     12     12516 x 17968     1708.8 per row,   163.2 MB      6 new,      6 zero     0.756 sec
   8 191717      6     10736 x 15899     1693.3 per row,   138.7 MB      4 new,      2 zero     0.722 sec
   8 191668     12     12511 x 17953     1710.8 per row,   163.3 MB      6 new,      6 zero     0.792 sec
   8 191750      6     10684 x 15837     1683.6 per row,   137.3 MB      4 new,      2 zero     0.732 sec
   8 191670     12     12136 x 17293     1722.2 per row,   159.5 MB      6 new,      6 zero     0.782 sec
   8 191702      6     10674 x 15818     1688.1 per row,   137.5 MB      4 new,      2 zero     0.701 sec
   8 191558     12     12132 x 17279     1724.1 per row,   159.6 MB      6 new,      6 zero     0.796 sec
   8 191605      9     26372 x 32506     1681.8 per row,   338.5 MB      6 new,      3 zero     1.150 sec
   8 191513     12     12121 x 17258     1725.8 per row,   159.6 MB      6 new,      6 zero     0.793 sec
   8 191577      9     26033 x 32084     1649.0 per row,   327.6 MB      5 new,      4 zero     1.045 sec
   8 191449     12     12117 x 17244     1727.2 per row,   159.7 MB      6 new,      6 zero     0.796 sec
   8 191418     12     26127 x 32222     1655.6 per row,   330.1 MB      8 new,      4 zero     1.100 sec
   8 191499     12     11961 x 17078     1693.2 per row,   154.6 MB      6 new,      6 zero     0.758 sec
   8 191476     12     26137 x 32218     1656.6 per row,   330.4 MB      8 new,      4 zero     1.096 sec
   8 191496     12     11653 x 16758     1687.5 per row,   150.1 MB      6 new,      6 zero     0.758 sec
   8 191449     12     26145 x 32212     1657.7 per row,   330.8 MB      8 new,      4 zero     1.108 sec
   8 191502     12     11660 x 16755     1689.1 per row,   150.3 MB      6 new,      6 zero     0.762 sec
   8 191409     18     27988 x 34242     1721.8 per row,   367.8 MB     12 new,      6 zero     1.351 sec
   8 191476     12     11643 x 16728     1687.8 per row,   150.0 MB      6 new,      6 zero     0.761 sec
   8 191369     18     23439 x 29659     1903.2 per row,   340.4 MB     10 new,      8 zero     1.190 sec
   8 191446     12     11651 x 16726     1689.1 per row,   150.2 MB      6 new,      6 zero     0.750 sec
   8 191416     18     23401 x 29605     1901.0 per row,   339.5 MB     10 new,      8 zero     1.221 sec
   8 191545     12     11658 x 16723     1691.0 per row,   150.4 MB      6 new,      6 zero     0.798 sec
   8 191535     18     23400 x 29587     1902.6 per row,   339.8 MB     10 new,      8 zero     1.196 sec
   8 191614     12     11654 x 16709     1691.6 per row,   150.4 MB      6 new,      6 zero     0.797 sec
   8 191535     18     23399 x 29570     1904.1 per row,   340.0 MB     10 new,      8 zero     1.227 sec
   8 191620     12     11649 x 16694     1691.0 per row,   150.3 MB      6 new,      6 zero     0.744 sec
   8 191585     18     23398 x 29553     1905.5 per row,   340.2 MB     10 new,      8 zero     1.217 sec
   8 191670     12     11642 x 16677     1691.1 per row,   150.2 MB      6 new,      6 zero     0.771 sec
   8 191631     18     23395 x 29500     1906.9 per row,   340.4 MB     10 new,      8 zero     1.243 sec
   8 191746     12     11642 x 16667     1692.8 per row,   150.4 MB      6 new,      6 zero     0.741 sec
   8 191643     18     23381 x 29469     1908.5 per row,   340.5 MB     10 new,      8 zero     1.207 sec
   8 191740     12     11512 x 16527     1663.6 per row,   146.2 MB      6 new,      6 zero     0.760 sec
   8 191633     18     23382 x 29454     1909.8 per row,   340.8 MB     10 new,      8 zero     1.197 sec
   8 191672     12     11511 x 16516     1666.2 per row,   146.4 MB      6 new,      6 zero     0.769 sec
   8 191588     18     23382 x 29437     1911.5 per row,   341.1 MB     10 new,      8 zero     1.212 sec
   8 191675     12     11509 x 16504     1667.4 per row,   146.5 MB      6 new,      6 zero     0.766 sec
   8 191641     18     23384 x 29423     1912.7 per row,   341.3 MB     10 new,      8 zero     1.209 sec
   8 191726     12     11474 x 16459     1661.7 per row,   145.5 MB      6 new,      6 zero     0.753 sec
   8 191663     18     23386 x 29409     1913.9 per row,   341.6 MB     10 new,      8 zero     1.219 sec
   8 191771     12     11474 x 16449     1663.0 per row,   145.6 MB      6 new,      6 zero     0.739 sec
   8 191746     18     23387 x 29394     1915.3 per row,   341.8 MB     10 new,      8 zero     1.224 sec
   8 191877     12     11440 x 16405     1665.1 per row,   145.4 MB      6 new,      6 zero     0.738 sec
   8 191821     18     23379 x 29370     1917.0 per row,   342.0 MB     10 new,      8 zero     1.186 sec
   8 191849     12     11419 x 16367     1661.3 per row,   144.8 MB      6 new,      6 zero     0.765 sec
   8 191788     18     23378 x 29353     1918.1 per row,   342.2 MB     10 new,      8 zero     1.217 sec
   8 191822     12     11406 x 16344     1662.9 per row,   144.7 MB      6 new,      6 zero     0.801 sec
   8 191763     18     23018 x 28977     1913.9 per row,   336.2 MB     10 new,      8 zero     1.228 sec
   8 191860     12     11408 x 16336     1664.3 per row,   144.9 MB      6 new,      6 zero     0.765 sec
   8 191804     18     23019 x 28962     1915.0 per row,   336.4 MB     10 new,      8 zero     1.207 sec
   8 191895     12     11409 x 16327     1665.1 per row,   145.0 MB      6 new,      6 zero     0.765 sec
   8 191868     18     23011 x 28938     1917.2 per row,   336.7 MB     10 new,      8 zero     1.253 sec
   7 191803      6     10264 x 14780     1666.4 per row,   130.5 MB      4 new,      2 zero     0.701 sec
   7 191579      6     10262 x 14774     1665.9 per row,   130.5 MB      4 new,      2 zero     0.694 sec
   7 191335      6     10262 x 14770     1665.8 per row,   130.5 MB      4 new,      2 zero     0.719 sec
   7 191027      6     10252 x 14756     1665.1 per row,   130.3 MB      4 new,      2 zero     0.742 sec
   7 190726      6     10247 x 14747     1664.2 per row,   130.1 MB      4 new,      2 zero     0.732 sec
   7 190422      6      9948 x 14440     1676.6 per row,   127.3 MB      4 new,      2 zero     0.712 sec
   7 190090      6      9945 x 14433     1676.7 per row,   127.3 MB      4 new,      2 zero     0.684 sec
   7 189767      6      9945 x 14429     1677.3 per row,   127.3 MB      4 new,      2 zero     0.703 sec
   7 189457      6      9937 x 14417     1679.6 per row,   127.4 MB      4 new,      2 zero     0.694 sec
   7 189115      6      9937 x 14413     1680.2 per row,   127.4 MB      4 new,      2 zero     0.703 sec
   7 188814      6      9937 x 14409     1680.9 per row,   127.5 MB      4 new,      2 zero     0.706 sec
   7 188493      6      9882 x 14350     1691.1 per row,   127.5 MB      4 new,      2 zero     0.735 sec
   7 188178      6      9882 x 14346     1691.8 per row,   127.6 MB      4 new,      2 zero     0.707 sec
   7 187979      6      9882 x 14342     1692.4 per row,   127.6 MB      4 new,      2 zero     0.727 sec
   7 187652      6      9882 x 14338     1693.1 per row,   127.7 MB      4 new,      2 zero     0.698 sec
   7 187298      6      9882 x 14334     1693.7 per row,   127.7 MB      4 new,      2 zero     0.721 sec
   7 186976      6      9882 x 14330     1695.2 per row,   127.8 MB      4 new,      2 zero     0.717 sec
   7 186693      6      9882 x 14326     1696.8 per row,   128.0 MB      4 new,      2 zero     0.708 sec
   7 186379      6      9882 x 14322     1698.5 per row,   128.1 MB      4 new,      2 zero     0.734 sec
   7 186080      6      9884 x 14320     1699.8 per row,   128.2 MB      4 new,      2 zero     0.741 sec
   7 185749      6      9884 x 14316     1701.2 per row,   128.3 MB      4 new,      2 zero     0.728 sec
   7 185397      6      9885 x 14313     1702.5 per row,   128.4 MB      4 new,      2 zero     0.736 sec
   7 185253      6      9887 x 14311     1703.7 per row,   128.5 MB      4 new,      2 zero     0.694 sec
   7 185011      6      9888 x 14308     1703.8 per row,   128.6 MB      4 new,      2 zero     0.707 sec
   7 184664      6      9889 x 14305     1704.4 per row,   128.6 MB      4 new,      2 zero     0.724 sec
   7 184381      6      9891 x 14303     1705.5 per row,   128.7 MB      4 new,      2 zero     0.734 sec
   7 184093      6      9893 x 14301     1706.6 per row,   128.8 MB      4 new,      2 zero     0.700 sec
   7 183786      6      9895 x 14299     1707.9 per row,   129.0 MB      4 new,      2 zero     0.721 sec
   7 183518      6      9897 x 14297     1709.3 per row,   129.1 MB      4 new,      2 zero     0.699 sec
   7 183253      6      9899 x 14295     1710.3 per row,   129.2 MB      4 new,      2 zero     0.721 sec
   7 182863      6      9901 x 14293     1711.4 per row,   129.3 MB      4 new,      2 zero     0.716 sec
   7 182577      6      9903 x 14291     1712.5 per row,   129.4 MB      4 new,      2 zero     0.705 sec
   7 182254      6      9905 x 14289     1713.6 per row,   129.5 MB      4 new,      2 zero     0.714 sec
   7 181978      6      9907 x 14287     1714.7 per row,   129.6 MB      4 new,      2 zero     0.726 sec
   7 181603      5      9828 x 14204     1714.8 per row,   128.6 MB      3 new,      2 zero     0.679 sec
   7 181316      6      9830 x 14202     1715.9 per row,   128.7 MB      4 new,      2 zero     0.694 sec
   7 180954      4      9832 x 14200     1717.1 per row,   128.8 MB      2 new,      2 zero     0.687 sec
   7 180697      6      9676 x 14040     1741.8 per row,   128.6 MB      4 new,      2 zero     0.679 sec
   7 180278      8     10026 x 14390     1715.1 per row,   131.2 MB      5 new,      3 zero     0.709 sec
   7 180045      6      9840 x 14194     1721.0 per row,   129.2 MB      4 new,      2 zero     0.680 sec
   7 179563     12     10034 x 14385     1717.0 per row,   131.5 MB      8 new,      4 zero     0.782 sec
   7 179387      6      9884 x 14229     1716.9 per row,   129.5 MB      4 new,      2 zero     0.680 sec
   7 178999     12      9892 x 14227     1719.1 per row,   129.8 MB      8 new,      4 zero     0.776 sec
   7 178707      6      9890 x 14223     1719.6 per row,   129.8 MB      4 new,      2 zero     0.712 sec
   7 178276     12      9888 x 14211     1720.0 per row,   129.8 MB      8 new,      4 zero     0.745 sec
   7 178009      6      9877 x 14198     1720.9 per row,   129.7 MB      4 new,      2 zero     0.705 sec
   7 177548     12      9882 x 14193     1723.7 per row,   130.0 MB      8 new,      4 zero     0.750 sec
   7 177357      6      9880 x 14189     1723.8 per row,   130.0 MB      4 new,      2 zero     0.680 sec
   7 176873     12      9888 x 14187     1725.8 per row,   130.2 MB      6 new,      6 zero     0.743 sec
   7 176346     12      9929 x 14262     1721.4 per row,   130.4 MB      8 new,      4 zero     0.751 sec
   7 175971     11      9926 x 14251     1725.3 per row,   130.7 MB      5 new,      6 zero     0.729 sec
   7 175473     12      9928 x 14247     1727.7 per row,   130.9 MB      8 new,      4 zero     0.763 sec
   7 175082     12      9915 x 14226     1733.2 per row,   131.1 MB      6 new,      6 zero     0.735 sec
   7 174617     12      9897 x 14202     1739.4 per row,   131.4 MB      8 new,      4 zero     0.761 sec
   7 174239     12      9901 x 14198     1741.6 per row,   131.6 MB      6 new,      6 zero     0.734 sec
   7 173710     12      9903 x 14194     1744.1 per row,   131.8 MB      7 new,      5 zero     0.740 sec
   7 173323     12      9906 x 14190     1746.1 per row,   132.0 MB      6 new,      6 zero     0.721 sec
   7 172833     12      9907 x 14185     1748.6 per row,   132.2 MB      6 new,      6 zero     0.743 sec
   7 172132     16     10100 x 14382     1748.4 per row,   134.8 MB      8 new,      8 zero     0.754 sec
   7 171665     12      9790 x 14064     1774.2 per row,   132.6 MB      6 new,      6 zero     0.732 sec
   7 170933     16      9935 x 14197     1753.8 per row,   133.0 MB      8 new,      8 zero     0.715 sec
   7 170501     12      9798 x 14056     1777.4 per row,   132.9 MB      6 new,      6 zero     0.731 sec
   7 169790     16      9942 x 14188     1758.1 per row,   133.4 MB      6 new,     10 zero     0.714 sec
   7 169215     15     10007 x 14308     1766.4 per row,   134.9 MB      8 new,      7 zero     0.739 sec
   7 168421     16      9946 x 14183     1760.7 per row,   133.6 MB      6 new,     10 zero     0.722 sec
   7 167896     18      9831 x 14065     1783.6 per row,   133.8 MB     10 new,      8 zero     0.781 sec
   7 167031     23      9980 x 14200     1762.2 per row,   134.2 MB     10 new,     13 zero     0.774 sec
   7 166895     18      9422 x 13637     1774.9 per row,   127.6 MB      8 new,     10 zero     0.743 sec
   7 166122     22      9995 x 14196     1765.7 per row,   134.7 MB      8 new,     14 zero     0.788 sec
   7 165848     18      9385 x 13582     1770.7 per row,   126.8 MB      8 new,     10 zero     0.771 sec
   7 165121     24      9399 x 13582     1771.0 per row,   127.0 MB     10 new,     14 zero     0.773 sec
   7 164718     21      9872 x 13950     1784.2 per row,   134.4 MB     10 new,     11 zero     0.782 sec
   7 163964     27      9362 x 13424     1770.3 per row,   126.5 MB     12 new,     15 zero     0.799 sec
   7 163370     27      9361 x 13411     1770.8 per row,   126.5 MB     13 new,     14 zero     0.766 sec
   7 162415     39      9374 x 13399     1773.5 per row,   126.9 MB     17 new,     22 zero     0.889 sec
   7 161142     45      9379 x 13381     1774.6 per row,   127.0 MB     19 new,     26 zero     0.888 sec
   7 161201     57      9024 x 12995     1755.6 per row,   120.9 MB     23 new,     34 zero     0.880 sec
   7 161365     63      8891 x 12830     1759.0 per row,   119.3 MB     25 new,     38 zero     0.892 sec
   7 161439     75      8888 x 12790     1763.8 per row,   119.6 MB     29 new,     46 zero     0.922 sec
   7 161758     81      7768 x 11634     1594.6 per row,    94.5 MB     31 new,     50 zero     0.916 sec
   7 161904     93      7772 x 11377     1593.7 per row,    94.5 MB     35 new,     58 zero     0.948 sec
   7 161744    102      7784 x 11345     1595.2 per row,    94.8 MB     38 new,     64 zero     0.981 sec
   7 161458    114      7787 x 11298     1596.0 per row,    94.8 MB     42 new,     72 zero     1.063 sec
   7 160767    126      7680 x 11137     1577.4 per row,    92.5 MB     46 new,     80 zero     1.099 sec
   7 160673    138      7678 x 11077     1570.0 per row,    92.0 MB     50 new,     88 zero     1.103 sec
   7 160323    150      6582 x 9736      1486.6 per row,    74.7 MB     54 new,     96 zero     1.087 sec
   7 157473    162      6331 x 9417      1495.9 per row,    72.3 MB     58 new,    104 zero     1.084 sec
   7 151661    174      6250 x 9266      1491.0 per row,    71.1 MB     62 new,    112 zero     1.052 sec
   7 148261    186      6015 x 8951      1519.2 per row,    69.7 MB     66 new,    120 zero     1.096 sec
   7 142048    198      5891 x 8744      1511.1 per row,    67.9 MB     70 new,    128 zero     1.077 sec
   7 138838    210      5755 x 8522      1517.8 per row,    66.7 MB     74 new,    136 zero     1.095 sec
   7 130848    222      5478 x 8159      1530.2 per row,    64.0 MB     78 new,    144 zero     1.076 sec
   6 126021      6      1005 x 3371      1911.5 per row,    14.7 MB      6 new,      0 zero     0.420 sec
   6 125664     18       749 x 2630      1591.2 per row,     9.1 MB     18 new,      0 zero     0.485 sec
   6 125027     54       541 x 2324      1129.5 per row,     4.7 MB     54 new,      0 zero     0.728 sec
   3 102281      9        33 x 36           8.7 per row,     0.0 MB      7 new,      2 zero     0.370 sec
   2  57983      6        18 x 14           3.6 per row,     0.0 MB      0 new,      6 zero     0.273 sec
   3  57977     14        47 x 42           4.3 per row,     0.0 MB      4 new,     10 zero     0.294 sec
   4  40784     38       164 x 151          5.8 per row,     0.0 MB      6 new,     32 zero     0.282 sec
   5  29052     54       387 x 360         11.3 per row,     0.0 MB      8 new,     46 zero     0.271 sec
   4  21135      3        16 x 27           5.2 per row,     0.0 MB      2 new,      1 zero     0.247 sec
   4  19180      9        55 x 98          11.6 per row,     0.0 MB      9 new,      0 zero     0.251 sec
   4  16334      9        57 x 83          13.1 per row,     0.0 MB      8 new,      1 zero     0.245 sec
   4  14416      6        42 x 61           9.9 per row,     0.0 MB      6 new,      0 zero     0.244 sec
   4  12925      9        39 x 37           6.6 per row,     0.0 MB      1 new,      8 zero     0.236 sec
   4  12806      2        13 x 15           6.4 per row,     0.0 MB      0 new,      2 zero     0.236 sec
   6  12804   1682      6446 x 4782       574.4 per row,    28.3 MB     13 new,   1669 zero     0.286 sec
   4  10880      8        28 x 22           4.8 per row,     0.0 MB      0 new,      8 zero     0.228 sec
   6  10872      7        47 x 42           4.8 per row,     0.0 MB      0 new,      7 zero     0.231 sec
   7  10865   2880     14058 x 11180      626.5 per row,    67.2 MB      0 new,   2880 zero     0.325 sec
   8   7985   7139     51910 x 44773      863.9 per row,   342.3 MB      0 new,   7139 zero     0.759 sec
   9    846    310     33231 x 32923       94.3 per row,    24.0 MB      0 new,    310 zero     0.213 sec
  10    536    536     77928 x 77394       30.8 per row,    18.6 MB      0 new,    536 zero     0.334 sec
reduce:                   50 x 52           3.9 per row,     0.0 MB
select:    199.381 sec  25%
symbol:     86.208 sec  11%
matrix:    128.531 sec  16%   39819 good, 80.6% zero
update:    397.478 sec  49%  204562 pair, 99.9% elim
gbasis:    811.808 sec  25%      50 polynomials
basis:    6873.000
 50 polynomials, 122 terms
 total time:       811.811 sec
------------------------------

gb
memory used=51222.9MB, alloc=144.7MB, time=7536.12
