    |\^/|     Maple 2022 (X86 64 LINUX)
._|\|   |/|_. Copyright (c) Maplesoft, a division of Waterloo Maple Inc. 2022
 \  MAPLE  /  All rights reserved. Maple is a trademark of
 <____ ____>  Waterloo Maple Inc.
      |       Type ? for help.
> read "../custom_f4.mpl":
> kernelopts(printbytes=false, assertlevel=1):
> interface(echo=0, prettyprint=0):


iteration no. 1	 max. iterations: -1
time for selection: .935


Weights:    {Akt_0 = Akt_0^2, Akt_1 = Akt_1^2, Akt_2 = Akt_2^2, Akt_3 = Akt_3^2, Akt_4 = Akt_4^2, Akt_5 = Akt_5^2, Akt_6 = Akt_6^2, S6_0 = S6_0^2, S6_1 = S6_1^2, S6_2 = S6_2^2, S6_3 = S6_3^2, S6_4 = S6_4^2, S6_5 = S6_5^2, S6_6 = S6_6^2, pAkt_0 = pAkt_0^2, pAkt_1 = pAkt_1^2, pAkt_2 = pAkt_2^2, pAkt_3 = pAkt_3^2, pAkt_4 = pAkt_4^2, pAkt_5 = pAkt_5^2, pAkt_6 = pAkt_6^2, pAkt_7 = pAkt_7^2, pEGFR_0 = pEGFR_0^2, pEGFR_1 = pEGFR_1^2, pEGFR_2 = pEGFR_2^2, pEGFR_3 = pEGFR_3^2, pEGFR_4 = pEGFR_4^2, pEGFR_5 = pEGFR_5^2, pEGFR_6 = pEGFR_6^2, pEGFR_7 = pEGFR_7^2, w_aux = w_aux^2, EGFR_turnover = EGFR_turnover^2, EGF_EGFR_0 = EGF_EGFR_0^2, EGF_EGFR_1 = EGF_EGFR_1^2, EGF_EGFR_2 = EGF_EGFR_2^2, EGF_EGFR_3 = EGF_EGFR_3^2, EGF_EGFR_4 = EGF_EGFR_4^2, EGF_EGFR_5 = EGF_EGFR_5^2, EGF_EGFR_6 = EGF_EGFR_6^2, reaction_1_k2 = reaction_1_k2^2, reaction_2_k2 = reaction_2_k2^2, reaction_3_k1 = reaction_3_k1^2, reaction_4_k1 = reaction_4_k1^2, reaction_5_k2 = reaction_5_k2^2, reaction_7_k1 = reaction_7_k1^2, reaction_8_k1 = reaction_8_k1^2, reaction_9_k1 = reaction_9_k1^2}

-> MGb
 domain: mod_int_cof
F4 algorithm
prime=11863279
 deg  pairs  taken         matrix                                        found
   3    185     21        42 x 28           2.0 per row,     0.0 MB      6 new,     15 zero     0.005 sec
   2    170      6        13 x 8            2.0 per row,     0.0 MB      0 new,      6 zero     0.000 sec
   3    164      5        17 x 19           2.4 per row,     0.0 MB      5 new,      0 zero     0.000 sec
   3    169     10        25 x 22           3.0 per row,     0.0 MB      4 new,      6 zero     0.000 sec
   3    177     14        39 x 36           2.8 per row,     0.0 MB      4 new,     10 zero     0.000 sec
   2    171      8        17 x 13           3.0 per row,     0.0 MB      0 new,      8 zero     0.000 sec
   4    163     20       114 x 102          2.5 per row,     0.0 MB      1 new,     19 zero     0.010 sec
   4    145      2         8 x 12           2.6 per row,     0.0 MB      1 new,      1 zero     0.000 sec
   4    145      2        11 x 15           2.9 per row,     0.0 MB      0 new,      2 zero     0.000 sec
   5    143     82       306 x 383          3.6 per row,     0.0 MB     40 new,     42 zero     0.014 sec
   3    103     14        34 x 33           3.4 per row,     0.0 MB      0 new,     14 zero     0.000 sec
   4     89     12        26 x 42           4.0 per row,     0.0 MB     12 new,      0 zero     0.001 sec
   4    112     15        36 x 56           6.0 per row,     0.0 MB     14 new,      1 zero     0.001 sec
   4    170      3        18 x 56           7.7 per row,     0.0 MB      2 new,      1 zero     0.001 sec
   3    151      4        13 x 22           6.2 per row,     0.0 MB      0 new,      4 zero     0.000 sec
   4    147      6        18 x 30          11.1 per row,     0.0 MB      0 new,      6 zero     0.000 sec
   5    141     41       308 x 461          6.6 per row,     0.0 MB     19 new,     22 zero     0.002 sec
   4    226      1         5 x 12           4.0 per row,     0.0 MB      1 new,      0 zero     0.000 sec
   5    231     44       210 x 783         12.3 per row,     0.0 MB     38 new,      6 zero     0.005 sec
   3    484      3        21 x 68           8.7 per row,     0.0 MB      1 new,      2 zero     0.000 sec
   4    489     17        72 x 158          8.2 per row,     0.0 MB      6 new,     11 zero     0.001 sec
   4    415     15        77 x 189          8.2 per row,     0.0 MB      4 new,     11 zero     0.001 sec
   4    412      8        42 x 96           8.7 per row,     0.0 MB      2 new,      6 zero     0.000 sec
   4    426      4        22 x 45           6.5 per row,     0.0 MB      1 new,      3 zero     0.000 sec
   4    432      4        33 x 55           5.3 per row,     0.0 MB      0 new,      4 zero     0.000 sec
   5    428    124       651 x 1392        11.1 per row,     0.1 MB     71 new,     53 zero     0.014 sec
   4    903     49       252 x 565         11.7 per row,     0.0 MB     29 new,     20 zero     0.005 sec
   4   1069     29       121 x 277         13.0 per row,     0.0 MB     18 new,     11 zero     0.003 sec
   5   1221    437      2324 x 3660        13.6 per row,     0.3 MB    169 new,    269 zero     0.056 sec
   4   2205    200       960 x 1742        17.7 per row,     0.1 MB     86 new,    114 zero     0.023 sec
   3   2926     10        46 x 143         14.2 per row,     0.0 MB      3 new,      7 zero     0.002 sec
   4   2750     41       346 x 808         17.9 per row,     0.0 MB     16 new,     25 zero     0.005 sec
   4   2828     24       241 x 599         15.6 per row,     0.0 MB      9 new,     15 zero     0.004 sec
   4   2864     16       357 x 726         17.5 per row,     0.0 MB      9 new,      7 zero     0.005 sec
   5   2970   1345      6878 x 8987        20.1 per row,     1.1 MB    262 new,   1085 zero     0.157 sec
   4   3952    222      1260 x 2107        20.3 per row,     0.2 MB     47 new,    175 zero     0.023 sec
   4   3968    137       790 x 1235        18.7 per row,     0.1 MB     63 new,     74 zero     0.025 sec
   4   4806     13       144 x 288         18.8 per row,     0.0 MB      5 new,      8 zero     0.003 sec
   5   4851   1873      9210 x 10768       22.6 per row,     1.6 MB    217 new,   1663 zero     0.149 sec
   4   5604     13       210 x 377         17.5 per row,     0.0 MB      3 new,     10 zero     0.005 sec
   5   5627    892      8877 x 11595       22.1 per row,     1.5 MB    101 new,    791 zero     0.104 sec
   4   5829     22       271 x 550         17.8 per row,     0.0 MB      6 new,     16 zero     0.006 sec
   4   5760     26       598 x 943         18.0 per row,     0.1 MB     10 new,     16 zero     0.008 sec
   5   5814    398      4455 x 5800        19.6 per row,     0.7 MB     29 new,    371 zero     0.035 sec
   5   5783    109      1201 x 1769        20.1 per row,     0.2 MB      1 new,    108 zero     0.006 sec
   6   5692   3864     33264 x 38109       21.6 per row,     5.6 MB    391 new,   3475 zero     0.744 sec
   5  10886      1         6 x 19           5.0 per row,     0.0 MB      1 new,      0 zero     0.020 sec
   6  11059    545      7873 x 13996       31.1 per row,     1.9 MB    347 new,    198 zero     0.454 sec
   5  18702     56       241 x 599         15.4 per row,     0.0 MB     42 new,     14 zero     0.060 sec
   5  18587     41       273 x 850         21.9 per row,     0.0 MB     25 new,     16 zero     0.035 sec
   3  18378     16        66 x 157         14.7 per row,     0.0 MB     14 new,      2 zero     0.018 sec
   4  17520    203       878 x 1189        20.0 per row,     0.1 MB    139 new,     64 zero     0.151 sec
   5  17083   1669      6655 x 6954        24.2 per row,     1.3 MB    389 new,   1280 zero     0.485 sec
   4  16800    360      1328 x 1365        21.1 per row,     0.2 MB     33 new,    327 zero     0.048 sec
   5  17598   1764      8880 x 10168       19.9 per row,     1.4 MB    422 new,   1342 zero     0.608 sec
   4  25470     28       164 x 384         17.8 per row,     0.0 MB     13 new,     15 zero     0.033 sec
   5  25079    451      4385 x 6374        22.6 per row,     0.8 MB    225 new,    226 zero     0.345 sec
   4  27859     30       171 x 332         17.6 per row,     0.0 MB     19 new,     11 zero     0.037 sec
   5  26909    400      3613 x 4889        23.3 per row,     0.7 MB    214 new,    186 zero     0.340 sec
   4  30161     28       161 x 274         16.0 per row,     0.0 MB     17 new,     11 zero     0.036 sec
   5  29508    430      2737 x 3238        20.7 per row,     0.4 MB    213 new,    218 zero     0.338 sec
   4  27383    122       416 x 344          9.2 per row,     0.0 MB     10 new,    112 zero     0.024 sec
   3  24776     27        78 x 62           8.7 per row,     0.0 MB      6 new,     21 zero     0.011 sec
   4  23239     79       331 x 305          6.7 per row,     0.0 MB     22 new,     57 zero     0.027 sec
   3  22003      9        49 x 47           5.4 per row,     0.0 MB      1 new,      8 zero     0.005 sec
   4  21870     53       212 x 213          4.4 per row,     0.0 MB     18 new,     35 zero     0.023 sec
   3  21120     10        39 x 33           3.7 per row,     0.0 MB      1 new,      9 zero     0.004 sec
   4  21086     49       162 x 243          6.2 per row,     0.0 MB     21 new,     28 zero     0.027 sec
   2  11963      8        32 x 36           4.7 per row,     0.0 MB      6 new,      2 zero     0.007 sec
   3   8329    122       483 x 501          7.6 per row,     0.0 MB     55 new,     67 zero     0.022 sec
   2   4147      4        13 x 12           2.4 per row,     0.0 MB      0 new,      4 zero     0.002 sec
   3   4143     36       171 x 161          3.3 per row,     0.0 MB      7 new,     29 zero     0.004 sec
   3   3841     21        99 x 85           2.7 per row,     0.0 MB      0 new,     21 zero     0.002 sec
   4   3820    653      2507 x 2067         8.7 per row,     0.2 MB    107 new,    546 zero     0.030 sec
   2   2371     16        39 x 31           2.9 per row,     0.0 MB      4 new,     12 zero     0.003 sec
   2   2067      8        22 x 19           2.5 per row,     0.0 MB      0 new,      8 zero     0.002 sec
   3   2059    106       301 x 208          4.6 per row,     0.0 MB      2 new,    104 zero     0.003 sec
   2   1925      4        12 x 10           2.5 per row,     0.0 MB      0 new,      4 zero     0.002 sec
   3   1921      2         4 x 3            2.0 per row,     0.0 MB      0 new,      2 zero     0.002 sec
   4   1919    138       753 x 637          4.8 per row,     0.0 MB      2 new,    136 zero     0.004 sec
   3   1626      3        10 x 8            2.3 per row,     0.0 MB      0 new,      3 zero     0.002 sec
   4   1623      6        82 x 90           2.9 per row,     0.0 MB      6 new,      0 zero     0.002 sec
   3   1585      5        21 x 21           2.4 per row,     0.0 MB      2 new,      3 zero     0.002 sec
   2   1457      4        13 x 11           2.2 per row,     0.0 MB      0 new,      4 zero     0.002 sec
   3   1453      4        13 x 15           2.3 per row,     0.0 MB      2 new,      2 zero     0.002 sec
   4   1454      8        59 x 64           2.6 per row,     0.0 MB      5 new,      3 zero     0.002 sec
   3   1421      3        11 x 12           2.5 per row,     0.0 MB      2 new,      1 zero     0.002 sec
   3   1408      2         8 x 9            2.5 per row,     0.0 MB      1 new,      1 zero     0.002 sec
   2   1403      1         6 x 6            2.5 per row,     0.0 MB      0 new,      1 zero     0.002 sec
   4   1402      8        35 x 33           2.5 per row,     0.0 MB      1 new,      7 zero     0.002 sec
   4   1395      1         6 x 7            2.8 per row,     0.0 MB      0 new,      1 zero     0.002 sec
   5   1394    846      6062 x 5238         9.5 per row,     0.5 MB      4 new,    843 zero     0.014 sec
   3    556      4        14 x 14           2.4 per row,     0.0 MB      0 new,      4 zero     0.002 sec
   4    552      2        20 x 20           2.6 per row,     0.0 MB      0 new,      2 zero     0.002 sec
   5    550      2        14 x 14           2.4 per row,     0.0 MB      0 new,      2 zero     0.002 sec
   6    548    546     12631 x 12112       13.4 per row,     1.3 MB      0 new,    546 zero     0.042 sec
   7      2      2        76 x 75           3.1 per row,     0.0 MB      0 new,      2 zero     0.002 sec
reduce:                   74 x 80           3.1 per row,     0.0 MB
select:      0.560 sec  12%
symbol:      0.311 sec   7%
matrix:      0.159 sec   3%    4104 good, 78.6% zero
update:      3.687 sec  78%   19141 pair, 99.5% elim
gbasis:      4.738 sec  12%      73 polynomials
basis:      47.038
 73 polynomials, 148 terms
 total time:         4.741 sec
------------------------------
memory used=187.2MB, alloc=69.8MB, time=48.11
