    |\^/|     Maple 2022 (X86 64 LINUX)
._|\|   |/|_. Copyright (c) Maplesoft, a division of Waterloo Maple Inc. 2022
 \  MAPLE  /  All rights reserved. Maple is a trademark of
 <____ ____>  Waterloo Maple Inc.
      |       Type ? for help.
> read "../custom_f4.mpl":
Warning, (in BasicF4Alg) `global_counts` is implicitly declared local
|../custom_f4.mpl:4|
Warning, (in BasicF4Alg) `v` is implicitly declared local |../custom_f4.mpl:4|
Warning, (in BasicF4Alg) `t` is implicitly declared local |../custom_f4.mpl:8|
Warning, (in BasicF4Alg) `start` is implicitly declared local
|../custom_f4.mpl:23|
Warning, (in BasicF4Alg) `dd` is implicitly declared local |../custom_f4.mpl:1|
Warning, (in BasicF4Alg) `pair` is implicitly declared local
|../custom_f4.mpl:38|
Warning, (in BasicF4Alg) `each` is implicitly declared local
|../custom_f4.mpl:38|
Warning, (in BasicF4Alg) `Mon_` is implicitly declared local
|../custom_f4.mpl:1|
Warning, (in BasicF4Alg) `Hh` is implicitly declared local |../custom_f4.mpl:1|
Warning, (in BasicF4Alg) `N` is implicitly declared local |../custom_f4.mpl:59|
Warning, (in BasicF4Alg) `leading_monomials_` is implicitly declared local
|../custom_f4.mpl:62|
Warning, (in BasicF4Alg) `N_plus` is implicitly declared local
|../custom_f4.mpl:66|
Warning, (in BasicF4Alg) `divisibility` is implicitly declared local
|../custom_f4.mpl:69|
Warning, (in BasicF4Alg) `lm` is implicitly declared local |../custom_f4.mpl:69|
Warning, (in GetVarCount) `all_vars` is implicitly declared local
|../custom_f4.mpl:95|
Warning, (in GetVarCount) `counts` is implicitly declared local
|../custom_f4.mpl:96|
Warning, (in GetVarCount) `v` is implicitly declared local |../custom_f4.mpl:96|
Warning, (in GetVarCount) `mon` is implicitly declared local
|../custom_f4.mpl:98|
Warning, (in ComputeM) `start` is implicitly declared local
|../custom_f4.mpl:133|
Warning, (in GetSelectionTable) `s` is implicitly declared local
|../custom_f4.mpl:183|
Warning, (in GetSelectionTable) `t` is implicitly declared local
|../custom_f4.mpl:184|
Warning, (in GetSelectionTable) `Bb` is implicitly declared local
|../custom_f4.mpl:185|
Warning, (in GetSelectionTable) `j` is implicitly declared local
|../custom_f4.mpl:186|
Warning, (in GetSelectionTable) `i` is implicitly declared local
|../custom_f4.mpl:187|
Warning, (in GetSelectionTable) `degree_to_pair` is implicitly declared local
|../custom_f4.mpl:200|
Warning, (in GetSelectionTable) `lcms` is implicitly declared local
|../custom_f4.mpl:202|
Warning, (in GetSelectionTable) `Bb_prime` is implicitly declared local
|../custom_f4.mpl:203|
Warning, (in GetSelectionTable) `idxs` is implicitly declared local
|../custom_f4.mpl:204|
Warning, (in GetSelectionTable) `LM_i` is implicitly declared local
|../custom_f4.mpl:207|
Warning, (in GetSelectionTable) `LM_j` is implicitly declared local
|../custom_f4.mpl:208|
Warning, (in GetSelectionTable) `LCM` is implicitly declared local
|../custom_f4.mpl:209|
Warning, (in GetSelectionTable) `each` is implicitly declared local
|../custom_f4.mpl:217|
> kernelopts(printbytes=false, assertlevel=1):
> interface(echo=0, prettyprint=0):
-> MGb
 domain: mod_int_cof
F4 algorithm
prime=11863279
 deg  pairs  taken         matrix                                        found
   3    171    139       384 x 576          3.4 per row,     0.0 MB     82 new,     57 zero     0.009 sec
   2    210     37       106 x 134          3.6 per row,     0.0 MB     17 new,     20 zero     0.001 sec
   3    242    191       812 x 1013         4.5 per row,     0.0 MB     68 new,    123 zero     0.010 sec
   3    629     18        55 x 56           3.9 per row,     0.0 MB      4 new,     14 zero     0.001 sec
   2    452      8        19 x 17           3.8 per row,     0.0 MB      0 new,      8 zero     0.000 sec
   3    444     22       103 x 169          7.6 per row,     0.0 MB     21 new,      1 zero     0.002 sec
   3    655     11        85 x 204          8.4 per row,     0.0 MB      6 new,      5 zero     0.001 sec
   2    563      6        25 x 49           7.5 per row,     0.0 MB      2 new,      4 zero     0.000 sec
   3    548     34       154 x 286          9.6 per row,     0.0 MB     11 new,     23 zero     0.001 sec
   3    643      9        70 x 170          6.4 per row,     0.0 MB      3 new,      6 zero     0.001 sec
   4    673    554      3731 x 4998         8.6 per row,     0.3 MB    147 new,    407 zero     0.039 sec
   3   2329     30       219 x 418          7.5 per row,     0.0 MB     14 new,     16 zero     0.005 sec
   3   2186    117       757 x 1446        13.3 per row,     0.1 MB     30 new,     87 zero     0.011 sec
   4   2557   1070      6970 x 11077       14.0 per row,     0.8 MB    317 new,    753 zero     0.192 sec
   3   5051    450      1569 x 2057        12.6 per row,     0.2 MB    102 new,    348 zero     0.040 sec
   4   5288   2356     12141 x 15199       15.2 per row,     1.5 MB    479 new,   1878 zero     0.390 sec
   3  10737    378      1593 x 2116        15.1 per row,     0.2 MB     66 new,    312 zero     0.048 sec
   3   8871     82       721 x 1224        17.5 per row,     0.1 MB     27 new,     55 zero     0.017 sec
   3   8949     23       360 x 707         16.7 per row,     0.0 MB      7 new,     16 zero     0.006 sec
   4   9056   2760     17130 x 21406       18.6 per row,     2.5 MB    830 new,   1941 zero     1.220 sec
   3  18210    286      1688 x 2459        18.4 per row,     0.2 MB    150 new,    136 zero     0.195 sec
   3  16511    204      1109 x 1253        16.3 per row,     0.1 MB     82 new,    122 zero     0.075 sec
   3  14395    336      1196 x 1089        12.2 per row,     0.1 MB     55 new,    281 zero     0.044 sec
   2  10054    110       274 x 182          6.0 per row,     0.0 MB     11 new,     99 zero     0.008 sec
   3   8273    544      2098 x 2048         9.5 per row,     0.2 MB    112 new,    432 zero     0.043 sec
   2   4256     42       144 x 167          6.7 per row,     0.0 MB     22 new,     20 zero     0.007 sec
   2   1991     65       172 x 131          5.3 per row,     0.0 MB     12 new,     53 zero     0.003 sec
   3   1469    392      1914 x 1628         6.6 per row,     0.1 MB     28 new,    364 zero     0.007 sec
   2   1045     24        66 x 54           2.3 per row,     0.0 MB      2 new,     22 zero     0.002 sec
   2    983      8        22 x 22           2.3 per row,     0.0 MB      1 new,      7 zero     0.001 sec
   3    976     44       247 x 226          2.6 per row,     0.0 MB      4 new,     40 zero     0.002 sec
   2    943      3        17 x 19           3.0 per row,     0.0 MB      0 new,      3 zero     0.001 sec
   3    940      5        35 x 34           2.7 per row,     0.0 MB      0 new,      5 zero     0.001 sec
   4    935    902      9197 x 8394        10.5 per row,     0.8 MB      9 new,    893 zero     0.025 sec
   2     19      6        29 x 29           2.5 per row,     0.0 MB      3 new,      3 zero     0.002 sec
   2     21      2         4 x 5            2.0 per row,     0.0 MB      1 new,      1 zero     0.001 sec
   2     19      1         7 x 7            2.4 per row,     0.0 MB      0 new,      1 zero     0.001 sec
   3     18     18        77 x 65           2.4 per row,     0.0 MB      2 new,     16 zero     0.001 sec
   2      3      3        10 x 9            2.3 per row,     0.0 MB      0 new,      3 zero     0.001 sec
reduce:                   73 x 79           3.4 per row,     0.0 MB
select:      0.245 sec  10%
symbol:      0.120 sec   5%
matrix:      0.088 sec   4%    2727 good, 75.9% zero
update:      1.962 sec  80%   11290 pair, 99.3% elim
gbasis:      2.440 sec  11%      73 polynomials
basis:      21.115
 73 polynomials, 148 terms
 total time:         2.444 sec
------------------------------
memory used=2.9MB, alloc=8.3MB, time=21.17
